INFO: Applying HLS Y2K22 patch v1.2 for IP revision
INFO: [HLS 200-10] Running 'C:/Xilinx/Vivado/2019.1/bin/unwrapped/win64.o/vivado_hls.exe'
INFO: [HLS 200-10] For user 'afzal' on host 'afzals-pc' (Windows NT_amd64 version 6.2) on Wed Aug 03 17:19:09 +1000 2022
INFO: [HLS 200-10] In directory 'Z:/ELEC4250/Practical-20220729/Exercise'
Sourcing Tcl script 'Z:/ELEC4250/Practical-20220729/Exercise/L2Exercise/solution1/csim.tcl'
INFO: [HLS 200-10] Opening project 'Z:/ELEC4250/Practical-20220729/Exercise/L2Exercise'.
INFO: [HLS 200-10] Opening solution 'Z:/ELEC4250/Practical-20220729/Exercise/L2Exercise/solution1'.
INFO: [SYN 201-201] Setting up clock 'default' with a period of 10ns.
INFO: [HLS 200-10] Setting target device to 'xczu3eg-sbva484-1-i'
INFO: [SIM 211-2] *************** CSIM start ***************
INFO: [SIM 211-4] CSIM will launch GCC as the compiler.
   Compiling(apcc) ../../../../matrix_math.c in debug mode
INFO: Applying HLS Y2K22 patch v1.2 for IP revision
INFO: [HLS 200-10] Running 'C:/Xilinx/Vivado/2019.1/bin/unwrapped/win64.o/apcc.exe'
INFO: [HLS 200-10] For user 'afzal' on host 'afzals-pc' (Windows NT_amd64 version 6.2) on Wed Aug 03 17:19:14 +1000 2022
INFO: [HLS 200-10] In directory 'Z:/ELEC4250/Practical-20220729/Exercise/L2Exercise/solution1/csim/build'
INFO: [APCC 202-3] Tmp directory is apcc_db
INFO: [APCC 202-1] APCC is done.
   Generating csim.exe
Output of addition
FAIL: Output DOES NOT match the golden output 
@E Simulation failed.
ERROR: [SIM 211-100] CSim failed with errors.
INFO: [SIM 211-3] *************** CSIM finish ***************
4
    while executing
"source Z:/ELEC4250/Practical-20220729/Exercise/L2Exercise/solution1/csim.tcl"
    invoked from within
"hls::main Z:/ELEC4250/Practical-20220729/Exercise/L2Exercise/solution1/csim.tcl"
    ("uplevel" body line 1)
    invoked from within
"uplevel 1 hls::main {*}$args"
    (procedure "hls_proc" line 5)
    invoked from within
"hls_proc $argv"
