   Build using "C:/Xilinx/Vivado/2019.1/msys64/mingw64/bin/g++"
   Compiling apatb_m_add.cpp
   Compiling (apcc) myfunctions.c_pre.c.tb.c
INFO: Applying HLS Y2K22 patch v1.2 for IP revision
INFO: [HLS 200-10] Running 'C:/Xilinx/Vivado/2019.1/bin/unwrapped/win64.o/apcc.exe'
INFO: [HLS 200-10] For user 'afzal' on host 'afzals-pc' (Windows NT_amd64 version 6.2) on Wed Aug 03 16:53:10 +1000 2022
INFO: [HLS 200-10] In directory 'Z:/ELEC4250/Practical-20220729/Exercise/L2Exercise/solution1/sim/wrapc'
clang: warning: argument unused during compilation: '-fno-builtin-isinf'
clang: warning: argument unused during compilation: '-fno-builtin-isnan'
INFO: [APCC 202-3] Tmp directory is apcc_db
INFO: [APCC 202-1] APCC is done.
   Compiling (apcc) matrix_math.c_pre.c.tb.c
INFO: Applying HLS Y2K22 patch v1.2 for IP revision
INFO: [HLS 200-10] Running 'C:/Xilinx/Vivado/2019.1/bin/unwrapped/win64.o/apcc.exe'
INFO: [HLS 200-10] For user 'afzal' on host 'afzals-pc' (Windows NT_amd64 version 6.2) on Wed Aug 03 16:53:17 +1000 2022
INFO: [HLS 200-10] In directory 'Z:/ELEC4250/Practical-20220729/Exercise/L2Exercise/solution1/sim/wrapc'
clang: warning: argument unused during compilation: '-fno-builtin-isinf'
clang: warning: argument unused during compilation: '-fno-builtin-isnan'
INFO: [APCC 202-3] Tmp directory is apcc_db
INFO: [APCC 202-1] APCC is done.
   Generating cosim.tv.exe
